<?xml version="1.0" encoding="UTF-8"?>
<!-- Generated by org.testng.reporters.JUnitReportReporter -->
<testsuite skipped="0" hostname="SANKET-PC" name="Selenium.Dummy3" tests="2" failures="0" timestamp="2021-03-05T21:12:16 IST" time="0.002" errors="0">
  <testcase name="sample5" time="0.001" classname="Selenium.Dummy3"/>
  <system-out/>
  <testcase name="sample6" time="0.001" classname="Selenium.Dummy3"/>
  <system-out/>
</testsuite> <!-- Selenium.Dummy3 -->
