<?xml version="1.0" encoding="UTF-8"?>
<!-- Generated by org.testng.reporters.JUnitReportReporter -->
<testsuite skipped="0" hostname="SANKET-PC" name="Selenium.Dummy2" tests="2" failures="0" timestamp="2021-03-05T21:12:17 IST" time="0.008" errors="0">
  <testcase name="sample3" time="0.004" classname="Selenium.Dummy2"/>
  <system-out/>
  <testcase name="sample4" time="0.004" classname="Selenium.Dummy2"/>
  <system-out/>
</testsuite> <!-- Selenium.Dummy2 -->
