<?xml version="1.0" encoding="UTF-8"?>
<!-- Generated by org.testng.reporters.JUnitReportReporter -->
<testsuite hostname="SANKET-PC" name="Selenium.Dummy3" tests="2" failures="0" timestamp="9 Mar 2021 13:37:16 GMT" time="0.000" errors="0">
  <testcase name="sample5" time="0.000" classname="Selenium.Dummy3"/>
  <testcase name="sample6" time="0.000" classname="Selenium.Dummy3"/>
</testsuite> <!-- Selenium.Dummy3 -->
